[INFO ] 2021-11-18 17:36:12.955 [main] BigbskTest - Login to bigbasket
[INFO ] 2021-11-18 17:36:21.572 [main] BigbskTest - Confirmation of login
[INFO ] 2021-11-18 17:36:38.715 [main] BigbskTest - Search product in bigbasket
[INFO ] 2021-11-18 17:37:05.701 [main] BigbskTest - Add product to basket
[INFO ] 2021-11-18 17:37:25.433 [main] BigbskTest - Checkout the product
[INFO ] 2021-11-19 11:43:08.350 [main] BigbskTest - Login to bigbasket
[INFO ] 2021-11-19 11:43:22.234 [main] BigbskTest - Confirmation of login
[INFO ] 2021-11-19 11:43:31.652 [main] BigbskTest - Search product in bigbasket
[INFO ] 2021-11-19 11:45:33.634 [main] BigbskTest - Login to bigbasket
[INFO ] 2021-11-19 11:45:43.920 [main] BigbskTest - Confirmation of login
[INFO ] 2021-11-19 11:45:56.125 [main] BigbskTest - Search product in bigbasket
[INFO ] 2021-11-19 11:46:06.638 [main] BigbskTest - Add product to basket
[INFO ] 2021-11-19 11:46:16.635 [main] BigbskTest - Checkout the product
[INFO ] 2021-11-19 11:48:12.953 [main] BigbskTest - Login to bigbasket
[INFO ] 2021-11-19 11:48:22.996 [main] BigbskTest - Confirmation of login
[INFO ] 2021-11-19 11:48:32.060 [main] BigbskTest - Search product in bigbasket
[INFO ] 2021-11-19 11:49:56.840 [main] BigbskTest - Login to bigbasket
[INFO ] 2021-11-19 11:50:07.731 [main] BigbskTest - Confirmation of login
[INFO ] 2021-11-19 11:52:11.531 [main] BigbskTest - Login to bigbasket
[INFO ] 2021-11-19 11:52:24.680 [main] BigbskTest - Confirmation of login
[INFO ] 2021-11-19 11:52:33.823 [main] BigbskTest - Search product in bigbasket
[INFO ] 2021-11-19 11:52:43.284 [main] BigbskTest - Add product to basket
[INFO ] 2021-11-19 11:52:52.530 [main] BigbskTest - Checkout the product
[INFO ] 2021-11-19 11:55:29.063 [main] BigbskTest - Login to bigbasket
[INFO ] 2021-11-19 11:55:41.670 [main] BigbskTest - Confirmation of login
[INFO ] 2021-11-19 11:55:54.372 [main] BigbskTest - Search product in bigbasket
[INFO ] 2021-11-19 11:56:06.045 [main] BigbskTest - Add product to basket
[INFO ] 2021-11-19 11:56:18.070 [main] BigbskTest - Checkout the product
[INFO ] 2021-11-19 11:58:31.437 [main] BigbskTest - Login to bigbasket
[INFO ] 2021-11-19 11:58:48.411 [main] BigbskTest - Confirmation of login
[INFO ] 2021-11-19 11:59:06.925 [main] BigbskTest - Search product in bigbasket
[INFO ] 2021-11-19 11:59:31.177 [main] BigbskTest - Add product to basket
[INFO ] 2021-11-19 11:59:42.559 [main] BigbskTest - Checkout the product
[INFO ] 2021-11-19 12:04:31.351 [main] BigbskTest - Login to bigbasket
[INFO ] 2021-11-19 12:04:42.984 [main] BigbskTest - Confirmation of login
[INFO ] 2021-11-19 12:29:34.271 [main] BigbskTest - Login to bigbasket
[INFO ] 2021-11-19 12:29:45.486 [main] BigbskTest - Confirmation of login
[INFO ] 2021-11-19 12:30:13.889 [main] BigbskTest - Search product in bigbasket
[INFO ] 2021-11-19 12:30:41.701 [main] BigbskTest - Add product to basket
[INFO ] 2021-11-19 12:31:04.023 [main] BigbskTest - Checkout the product
